#
# There is insufficient memory for the Java Runtime Environment to continue.
# Native memory allocation (malloc) failed to allocate 32784 bytes for Chunk::new
# Possible reasons:
#   The system is out of physical RAM or swap space
#   The process is running with CompressedOops enabled, and the Java Heap may be blocking the growth of the native heap
# Possible solutions:
#   Reduce memory load on the system
#   Increase physical memory or swap space
#   Check if swap backing store is full
#   Decrease Java heap size (-Xmx/-Xms)
#   Decrease number of Java threads
#   Decrease Java thread stack sizes (-Xss)
#   Set larger code cache with -XX:ReservedCodeCacheSize=
#   JVM is running with Unscaled Compressed Oops mode in which the Java heap is
#     placed in the first 4GB address space. The Java Heap base address is the
#     maximum limit for the native heap growth. Please use -XX:HeapBaseMinAddress
#     to set the Java Heap base and to place the Java Heap above 4GB virtual address.
# This output file may be truncated or incomplete.
#
#  Out of Memory Error (arena.cpp:184), pid=9396, tid=12712
#
# JRE version: Java(TM) SE Runtime Environment (20.0+36) (build 20+36-2344)
# Java VM: Java HotSpot(TM) 64-Bit Server VM (20+36-2344, mixed mode, sharing, tiered, compressed oops, compressed class ptrs, g1 gc, windows-amd64)
# No core dump will be written. Minidumps are not enabled by default on client versions of Windows
#

---------------  S U M M A R Y ------------

Command Line: -ea -Didea.test.cyclic.buffer.size=1048576 -javaagent:C:\Program Files\JetBrains\IntelliJ IDEA Community Edition 2023.2.5\lib\idea_rt.jar=61337:C:\Program Files\JetBrains\IntelliJ IDEA Community Edition 2023.2.5\bin -Dfile.encoding=UTF-8 -Dsun.stdout.encoding=UTF-8 -Dsun.stderr.encoding=UTF-8 com.intellij.rt.testng.RemoteTestNGStarter -usedefaultlisteners false -socket61336 @w@C:\Users\LENOVO\AppData\Local\Temp\idea_working_dirs_testng.tmp -temp C:\Users\LENOVO\AppData\Local\Temp\idea_testng.tmp

Host: Intel(R) Core(TM) i3-5010U CPU @ 2.10GHz, 4 cores, 3G,  Windows 10 , 64 bit Build 19041 (10.0.19041.3636)
Time: Mon Mar  4 17:32:36 2024 India Standard Time elapsed time: 13.823725 seconds (0d 0h 0m 13s)

---------------  T H R E A D  ---------------

Current thread (0x000001f4f9ae4980):  JavaThread "C2 CompilerThread0" daemon [_thread_in_native, id=12712, stack(0x00000076c9800000,0x00000076c9900000)]


Current CompileTask:
C2:  13823 2036       4       java.lang.invoke.MethodType::makeImpl (109 bytes)

Stack: [0x00000076c9800000,0x00000076c9900000]
Native frames: (J=compiled Java code, j=interpreted, Vv=VM code, C=native code)
V  [jvm.dll+0x6bb95a]
V  [jvm.dll+0x8483aa]
V  [jvm.dll+0x849fa5]
V  [jvm.dll+0x84a6a3]
V  [jvm.dll+0x280b0f]
V  [jvm.dll+0xc2b11]
V  [jvm.dll+0xc2e35]
V  [jvm.dll+0xc2c34]
V  [jvm.dll+0x69987c]
V  [jvm.dll+0x255b91]
V  [jvm.dll+0x24c3ba]
V  [jvm.dll+0x24a549]
V  [jvm.dll+0x1ce491]
V  [jvm.dll+0x259e1b]
V  [jvm.dll+0x2584f0]
V  [jvm.dll+0x3f2895]
V  [jvm.dll+0x7f4906]
V  [jvm.dll+0x6ba5cb]
C  [ucrtbase.dll+0x21bb2]
C  [KERNEL32.DLL+0x17344]
C  [ntdll.dll+0x526b1]


---------------  P R O C E S S  ---------------

Threads class SMR info:
_java_thread_list=0x000001f4ff505200, length=21, elements={
0x000001f4defffb90, 0x000001f4f9adb3f0, 0x000001f4f9adc390, 0x000001f4f9ae0250,
0x000001f4f9ae2ca0, 0x000001f4f9ae3780, 0x000001f4f9ae6a50, 0x000001f4f9ae4980,
0x000001f4f9aefe10, 0x000001f4df0aa6c0, 0x000001f4fde83880, 0x000001f4fde83dd0,
0x000001f4fe4a7ef0, 0x000001f4f9b5a040, 0x000001f4fe3bfb00, 0x000001f4fe3be070,
0x000001f4fe3c05a0, 0x000001f4fe3bf5b0, 0x000001f4fe3c0050, 0x000001f4fe3c0af0,
0x000001f4fe3c1040
}

Java Threads: ( => current thread )
  0x000001f4defffb90 JavaThread "Forwarding newSession on session null to remote" [_thread_in_native, id=7640, stack(0x00000076c8b00000,0x00000076c8c00000)]
  0x000001f4f9adb3f0 JavaThread "Reference Handler" daemon [_thread_blocked, id=12316, stack(0x00000076c9200000,0x00000076c9300000)]
  0x000001f4f9adc390 JavaThread "Finalizer" daemon [_thread_blocked, id=7252, stack(0x00000076c9300000,0x00000076c9400000)]
  0x000001f4f9ae0250 JavaThread "Signal Dispatcher" daemon [_thread_blocked, id=10400, stack(0x00000076c9400000,0x00000076c9500000)]
  0x000001f4f9ae2ca0 JavaThread "Attach Listener" daemon [_thread_blocked, id=11436, stack(0x00000076c9500000,0x00000076c9600000)]
  0x000001f4f9ae3780 JavaThread "Service Thread" daemon [_thread_blocked, id=13432, stack(0x00000076c9600000,0x00000076c9700000)]
  0x000001f4f9ae6a50 JavaThread "Monitor Deflation Thread" daemon [_thread_blocked, id=10320, stack(0x00000076c9700000,0x00000076c9800000)]
=>0x000001f4f9ae4980 JavaThread "C2 CompilerThread0" daemon [_thread_in_native, id=12712, stack(0x00000076c9800000,0x00000076c9900000)]
  0x000001f4f9aefe10 JavaThread "C1 CompilerThread0" daemon [_thread_blocked, id=12088, stack(0x00000076c9900000,0x00000076c9a00000)]
  0x000001f4df0aa6c0 JavaThread "Common-Cleaner" daemon [_thread_blocked, id=728, stack(0x00000076c9a00000,0x00000076c9b00000)]
  0x000001f4fde83880 JavaThread "Monitor Ctrl-Break" daemon [_thread_in_native, id=12744, stack(0x00000076c9b00000,0x00000076c9c00000)]
  0x000001f4fde83dd0 JavaThread "Notification Thread" daemon [_thread_blocked, id=3984, stack(0x00000076c9c00000,0x00000076c9d00000)]
  0x000001f4fe4a7ef0 JavaThread "ForkJoinPool.commonPool-worker-1" daemon [_thread_blocked, id=9032, stack(0x00000076ca100000,0x00000076ca200000)]
  0x000001f4f9b5a040 JavaThread "AsyncHttpClient-1-1" daemon [_thread_blocked, id=10152, stack(0x00000076ca200000,0x00000076ca300000)]
  0x000001f4fe3bfb00 JavaThread "Exec Default Executor" daemon [_thread_in_native, id=11304, stack(0x00000076ca300000,0x00000076ca400000)]
  0x000001f4fe3be070 JavaThread "Exec Stream Pumper" daemon [_thread_in_native, id=5756, stack(0x00000076ca400000,0x00000076ca500000)]
  0x000001f4fe3c05a0 JavaThread "Exec Stream Pumper" daemon [_thread_in_native, id=7048, stack(0x00000076ca500000,0x00000076ca600000)]
  0x000001f4fe3bf5b0 JavaThread "Driver Service Executor" daemon [_thread_blocked, id=4572, stack(0x00000076ca600000,0x00000076ca700000)]
  0x000001f4fe3c0050 JavaThread "Driver Service Executor" daemon [_thread_blocked, id=11344, stack(0x00000076ca700000,0x00000076ca800000)]
  0x000001f4fe3c0af0 JavaThread "UrlChecker-2" daemon [_thread_blocked, id=13076, stack(0x00000076ca800000,0x00000076ca900000)]
  0x000001f4fe3c1040 JavaThread "Keep-Alive-Timer" daemon [_thread_blocked, id=11220, stack(0x00000076caa00000,0x00000076cab00000)]

Other Threads:
  0x000001f4df0bec70 VMThread "VM Thread" [stack: 0x00000076c9100000,0x00000076c9200000] [id=12240]
  0x000001f4fde7f220 WatcherThread "VM Periodic Task Thread" [stack: 0x00000076c9d00000,0x00000076c9e00000] [id=10720]
  0x000001f4df042630 WorkerThread "GC Thread#0" [stack: 0x00000076c8c00000,0x00000076c8d00000] [id=5832]
  0x000001f4fe380320 WorkerThread "GC Thread#1" [stack: 0x00000076c9e00000,0x00000076c9f00000] [id=7364]
  0x000001f4fe5a1ba0 WorkerThread "GC Thread#2" [stack: 0x00000076c9f00000,0x00000076ca000000] [id=10560]
  0x000001f4fe5a1e70 WorkerThread "GC Thread#3" [stack: 0x00000076ca000000,0x00000076ca100000] [id=6648]
  0x000001f4df04b210 ConcurrentGCThread "G1 Main Marker" [stack: 0x00000076c8d00000,0x00000076c8e00000] [id=11292]
  0x000001f4df04bcf0 WorkerThread "G1 Conc#0" [stack: 0x00000076c8e00000,0x00000076c8f00000] [id=11176]
  0x000001f4df09c370 ConcurrentGCThread "G1 Refine#0" [stack: 0x00000076c8f00000,0x00000076c9000000] [id=8460]
  0x000001f4df09ded0 ConcurrentGCThread "G1 Service" [stack: 0x00000076c9000000,0x00000076c9100000] [id=6360]

Threads with active compile tasks:
C2 CompilerThread0    13917 2036       4       java.lang.invoke.MethodType::makeImpl (109 bytes)

VM state: not at safepoint (normal execution)

VM Mutex/Monitor currently owned by a thread: None

Heap address: 0x00000000c1200000, size: 1006 MB, Compressed Oops mode: 32-bit

CDS archive(s) mapped at: [0x0000000800000000-0x0000000800c60000-0x0000000800c60000), size 12976128, SharedBaseAddress: 0x0000000800000000, ArchiveRelocationMode: 0.
Compressed class space mapped at: 0x0000000801000000-0x0000000841000000, reserved size: 1073741824
Narrow klass base: 0x0000000800000000, Narrow klass shift: 0, Narrow klass range: 0x100000000

GC Precious Log:
 CardTable entry size: 512
 Card Set container configuration: InlinePtr #cards 5 size 8 Array Of Cards #cards 12 size 40 Howl #buckets 4 coarsen threshold 1843 Howl Bitmap #cards 512 size 80 coarsen threshold 460 Card regions per heap region 1 cards per card region 2048
 CPUs: 4 total, 4 available
 Memory: 4016M
 Large Page Support: Disabled
 NUMA Support: Disabled
 Compressed Oops: Enabled (32-bit)
 Heap Region Size: 1M
 Heap Min Capacity: 8M
 Heap Initial Capacity: 64M
 Heap Max Capacity: 1006M
 Pre-touch: Disabled
 Parallel Workers: 4
 Concurrent Workers: 1
 Concurrent Refinement Workers: 4
 Periodic GC: Disabled

Heap:
 garbage-first heap   total 65536K, used 28321K [0x00000000c1200000, 0x0000000100000000)
  region size 1024K, 26 young (26624K), 2 survivors (2048K)
 Metaspace       used 18062K, committed 18432K, reserved 1114112K
  class space    used 2123K, committed 2240K, reserved 1048576K

Heap Regions: E=young(eden), S=young(survivor), O=old, HS=humongous(starts), HC=humongous(continues), CS=collection set, F=free, OA=open archive, CA=closed archive, TAMS=top-at-mark-start, PB=parsable bottom
|   0|0x00000000c1200000, 0x00000000c1300000, 0x00000000c1300000|100%| O|  |TAMS 0x00000000c1200000| PB 0x00000000c1200000| Untracked 
|   1|0x00000000c1300000, 0x00000000c1400000, 0x00000000c1400000|100%| O|  |TAMS 0x00000000c1300000| PB 0x00000000c1300000| Untracked 
|   2|0x00000000c1400000, 0x00000000c1500000, 0x00000000c1500000|100%| O|  |TAMS 0x00000000c1400000| PB 0x00000000c1400000| Untracked 
|   3|0x00000000c1500000, 0x00000000c1600000, 0x00000000c1600000|100%| O|  |TAMS 0x00000000c1500000| PB 0x00000000c1500000| Untracked 
|   4|0x00000000c1600000, 0x00000000c168c600, 0x00000000c1700000| 54%| O|  |TAMS 0x00000000c1600000| PB 0x00000000c1600000| Untracked 
|   5|0x00000000c1700000, 0x00000000c1700000, 0x00000000c1800000|  0%| F|  |TAMS 0x00000000c1700000| PB 0x00000000c1700000| Untracked 
|   6|0x00000000c1800000, 0x00000000c1800000, 0x00000000c1900000|  0%| F|  |TAMS 0x00000000c1800000| PB 0x00000000c1800000| Untracked 
|   7|0x00000000c1900000, 0x00000000c1900000, 0x00000000c1a00000|  0%| F|  |TAMS 0x00000000c1900000| PB 0x00000000c1900000| Untracked 
|   8|0x00000000c1a00000, 0x00000000c1a00000, 0x00000000c1b00000|  0%| F|  |TAMS 0x00000000c1a00000| PB 0x00000000c1a00000| Untracked 
|   9|0x00000000c1b00000, 0x00000000c1b00000, 0x00000000c1c00000|  0%| F|  |TAMS 0x00000000c1b00000| PB 0x00000000c1b00000| Untracked 
|  10|0x00000000c1c00000, 0x00000000c1c00000, 0x00000000c1d00000|  0%| F|  |TAMS 0x00000000c1c00000| PB 0x00000000c1c00000| Untracked 
|  11|0x00000000c1d00000, 0x00000000c1d00000, 0x00000000c1e00000|  0%| F|  |TAMS 0x00000000c1d00000| PB 0x00000000c1d00000| Untracked 
|  12|0x00000000c1e00000, 0x00000000c1e00000, 0x00000000c1f00000|  0%| F|  |TAMS 0x00000000c1e00000| PB 0x00000000c1e00000| Untracked 
|  13|0x00000000c1f00000, 0x00000000c1f00000, 0x00000000c2000000|  0%| F|  |TAMS 0x00000000c1f00000| PB 0x00000000c1f00000| Untracked 
|  14|0x00000000c2000000, 0x00000000c2000000, 0x00000000c2100000|  0%| F|  |TAMS 0x00000000c2000000| PB 0x00000000c2000000| Untracked 
|  15|0x00000000c2100000, 0x00000000c2100000, 0x00000000c2200000|  0%| F|  |TAMS 0x00000000c2100000| PB 0x00000000c2100000| Untracked 
|  16|0x00000000c2200000, 0x00000000c2200000, 0x00000000c2300000|  0%| F|  |TAMS 0x00000000c2200000| PB 0x00000000c2200000| Untracked 
|  17|0x00000000c2300000, 0x00000000c2300000, 0x00000000c2400000|  0%| F|  |TAMS 0x00000000c2300000| PB 0x00000000c2300000| Untracked 
|  18|0x00000000c2400000, 0x00000000c2400000, 0x00000000c2500000|  0%| F|  |TAMS 0x00000000c2400000| PB 0x00000000c2400000| Untracked 
|  19|0x00000000c2500000, 0x00000000c2500000, 0x00000000c2600000|  0%| F|  |TAMS 0x00000000c2500000| PB 0x00000000c2500000| Untracked 
|  20|0x00000000c2600000, 0x00000000c2600000, 0x00000000c2700000|  0%| F|  |TAMS 0x00000000c2600000| PB 0x00000000c2600000| Untracked 
|  21|0x00000000c2700000, 0x00000000c2700000, 0x00000000c2800000|  0%| F|  |TAMS 0x00000000c2700000| PB 0x00000000c2700000| Untracked 
|  22|0x00000000c2800000, 0x00000000c2800000, 0x00000000c2900000|  0%| F|  |TAMS 0x00000000c2800000| PB 0x00000000c2800000| Untracked 
|  23|0x00000000c2900000, 0x00000000c2900000, 0x00000000c2a00000|  0%| F|  |TAMS 0x00000000c2900000| PB 0x00000000c2900000| Untracked 
|  24|0x00000000c2a00000, 0x00000000c2a00000, 0x00000000c2b00000|  0%| F|  |TAMS 0x00000000c2a00000| PB 0x00000000c2a00000| Untracked 
|  25|0x00000000c2b00000, 0x00000000c2b00000, 0x00000000c2c00000|  0%| F|  |TAMS 0x00000000c2b00000| PB 0x00000000c2b00000| Untracked 
|  26|0x00000000c2c00000, 0x00000000c2c00000, 0x00000000c2d00000|  0%| F|  |TAMS 0x00000000c2c00000| PB 0x00000000c2c00000| Untracked 
|  27|0x00000000c2d00000, 0x00000000c2d00000, 0x00000000c2e00000|  0%| F|  |TAMS 0x00000000c2d00000| PB 0x00000000c2d00000| Untracked 
|  28|0x00000000c2e00000, 0x00000000c2e00000, 0x00000000c2f00000|  0%| F|  |TAMS 0x00000000c2e00000| PB 0x00000000c2e00000| Untracked 
|  29|0x00000000c2f00000, 0x00000000c2f00000, 0x00000000c3000000|  0%| F|  |TAMS 0x00000000c2f00000| PB 0x00000000c2f00000| Untracked 
|  30|0x00000000c3000000, 0x00000000c3000000, 0x00000000c3100000|  0%| F|  |TAMS 0x00000000c3000000| PB 0x00000000c3000000| Untracked 
|  31|0x00000000c3100000, 0x00000000c3100000, 0x00000000c3200000|  0%| F|  |TAMS 0x00000000c3100000| PB 0x00000000c3100000| Untracked 
|  32|0x00000000c3200000, 0x00000000c3200000, 0x00000000c3300000|  0%| F|  |TAMS 0x00000000c3200000| PB 0x00000000c3200000| Untracked 
|  33|0x00000000c3300000, 0x00000000c3300000, 0x00000000c3400000|  0%| F|  |TAMS 0x00000000c3300000| PB 0x00000000c3300000| Untracked 
|  34|0x00000000c3400000, 0x00000000c3400000, 0x00000000c3500000|  0%| F|  |TAMS 0x00000000c3400000| PB 0x00000000c3400000| Untracked 
|  35|0x00000000c3500000, 0x00000000c3500000, 0x00000000c3600000|  0%| F|  |TAMS 0x00000000c3500000| PB 0x00000000c3500000| Untracked 
|  36|0x00000000c3600000, 0x00000000c3600000, 0x00000000c3700000|  0%| F|  |TAMS 0x00000000c3600000| PB 0x00000000c3600000| Untracked 
|  37|0x00000000c3700000, 0x00000000c3700000, 0x00000000c3800000|  0%| F|  |TAMS 0x00000000c3700000| PB 0x00000000c3700000| Untracked 
|  38|0x00000000c3800000, 0x00000000c38aae78, 0x00000000c3900000| 66%| E|  |TAMS 0x00000000c3800000| PB 0x00000000c3800000| Complete 
|  39|0x00000000c3900000, 0x00000000c3a00000, 0x00000000c3a00000|100%| E|CS|TAMS 0x00000000c3900000| PB 0x00000000c3900000| Complete 
|  40|0x00000000c3a00000, 0x00000000c3b00000, 0x00000000c3b00000|100%| E|CS|TAMS 0x00000000c3a00000| PB 0x00000000c3a00000| Complete 
|  41|0x00000000c3b00000, 0x00000000c3c00000, 0x00000000c3c00000|100%| E|CS|TAMS 0x00000000c3b00000| PB 0x00000000c3b00000| Complete 
|  42|0x00000000c3c00000, 0x00000000c3d00000, 0x00000000c3d00000|100%| E|CS|TAMS 0x00000000c3c00000| PB 0x00000000c3c00000| Complete 
|  43|0x00000000c3d00000, 0x00000000c3e00000, 0x00000000c3e00000|100%| E|CS|TAMS 0x00000000c3d00000| PB 0x00000000c3d00000| Complete 
|  44|0x00000000c3e00000, 0x00000000c3f00000, 0x00000000c3f00000|100%| E|CS|TAMS 0x00000000c3e00000| PB 0x00000000c3e00000| Complete 
|  45|0x00000000c3f00000, 0x00000000c4000000, 0x00000000c4000000|100%| E|CS|TAMS 0x00000000c3f00000| PB 0x00000000c3f00000| Complete 
|  46|0x00000000c4000000, 0x00000000c4100000, 0x00000000c4100000|100%| E|CS|TAMS 0x00000000c4000000| PB 0x00000000c4000000| Complete 
|  47|0x00000000c4100000, 0x00000000c4200000, 0x00000000c4200000|100%| E|CS|TAMS 0x00000000c4100000| PB 0x00000000c4100000| Complete 
|  48|0x00000000c4200000, 0x00000000c421be50, 0x00000000c4300000| 10%| S|CS|TAMS 0x00000000c4200000| PB 0x00000000c4200000| Complete 
|  49|0x00000000c4300000, 0x00000000c4400000, 0x00000000c4400000|100%| E|CS|TAMS 0x00000000c4300000| PB 0x00000000c4300000| Complete 
|  50|0x00000000c4400000, 0x00000000c4500000, 0x00000000c4500000|100%| E|CS|TAMS 0x00000000c4400000| PB 0x00000000c4400000| Complete 
|  51|0x00000000c4500000, 0x00000000c4600000, 0x00000000c4600000|100%| S|CS|TAMS 0x00000000c4500000| PB 0x00000000c4500000| Complete 
|  52|0x00000000c4600000, 0x00000000c4700000, 0x00000000c4700000|100%| E|CS|TAMS 0x00000000c4600000| PB 0x00000000c4600000| Complete 
|  53|0x00000000c4700000, 0x00000000c4800000, 0x00000000c4800000|100%| E|CS|TAMS 0x00000000c4700000| PB 0x00000000c4700000| Complete 
|  54|0x00000000c4800000, 0x00000000c4900000, 0x00000000c4900000|100%| E|CS|TAMS 0x00000000c4800000| PB 0x00000000c4800000| Complete 
|  55|0x00000000c4900000, 0x00000000c4a00000, 0x00000000c4a00000|100%| E|CS|TAMS 0x00000000c4900000| PB 0x00000000c4900000| Complete 
|  56|0x00000000c4a00000, 0x00000000c4b00000, 0x00000000c4b00000|100%| E|  |TAMS 0x00000000c4a00000| PB 0x00000000c4a00000| Complete 
|  57|0x00000000c4b00000, 0x00000000c4c00000, 0x00000000c4c00000|100%| E|CS|TAMS 0x00000000c4b00000| PB 0x00000000c4b00000| Complete 
|  58|0x00000000c4c00000, 0x00000000c4d00000, 0x00000000c4d00000|100%| E|CS|TAMS 0x00000000c4c00000| PB 0x00000000c4c00000| Complete 
|  59|0x00000000c4d00000, 0x00000000c4e00000, 0x00000000c4e00000|100%| E|CS|TAMS 0x00000000c4d00000| PB 0x00000000c4d00000| Complete 
|  60|0x00000000c4e00000, 0x00000000c4f00000, 0x00000000c4f00000|100%| E|CS|TAMS 0x00000000c4e00000| PB 0x00000000c4e00000| Complete 
|  61|0x00000000c4f00000, 0x00000000c5000000, 0x00000000c5000000|100%| E|CS|TAMS 0x00000000c4f00000| PB 0x00000000c4f00000| Complete 
|  62|0x00000000c5000000, 0x00000000c5100000, 0x00000000c5100000|100%| E|CS|TAMS 0x00000000c5000000| PB 0x00000000c5000000| Complete 
|  63|0x00000000c5100000, 0x00000000c5200000, 0x00000000c5200000|100%| E|CS|TAMS 0x00000000c5100000| PB 0x00000000c5100000| Complete 

Card table byte_map: [0x000001f4f62b0000,0x000001f4f64b0000] _byte_map_base: 0x000001f4f5ca7000

Marking Bits: (CMBitMap*) 0x000001f4df042b70
 Bits: [0x000001f4f66b0000, 0x000001f4f7668000)

Polling page: 0x000001f4de7c0000

Metaspace:

Usage:
  Non-class:     15.59 MB used.
      Class:      2.08 MB used.
       Both:     17.67 MB used.

Virtual space:
  Non-class space:       64.00 MB reserved,      15.81 MB ( 25%) committed,  1 nodes.
      Class space:        1.00 GB reserved,       2.19 MB ( <1%) committed,  1 nodes.
             Both:        1.06 GB reserved,      18.00 MB (  2%) committed. 

Chunk freelists:
   Non-Class:  224.00 KB
       Class:  1.81 MB
        Both:  2.03 MB

MaxMetaspaceSize: unlimited
CompressedClassSpaceSize: 1.00 GB
Initial GC threshold: 21.00 MB
Current GC threshold: 21.00 MB
CDS: on
MetaspaceReclaimPolicy: balanced
 - commit_granule_bytes: 65536.
 - commit_granule_words: 8192.
 - virtual_space_node_default_size: 8388608.
 - enlarge_chunks_in_place: 1.
 - new_chunks_are_fully_committed: 0.
 - uncommit_free_chunks: 1.
 - use_allocation_guard: 0.


Internal statistics:

num_allocs_failed_limit: 0.
num_arena_births: 374.
num_arena_deaths: 0.
num_vsnodes_births: 2.
num_vsnodes_deaths: 0.
num_space_committed: 288.
num_space_uncommitted: 0.
num_chunks_returned_to_freelist: 0.
num_chunks_taken_from_freelist: 813.
num_chunk_merges: 0.
num_chunk_splits: 523.
num_chunks_enlarged: 347.
num_inconsistent_stats: 0.

CodeHeap 'non-profiled nmethods': size=120000Kb used=700Kb max_used=700Kb free=119299Kb
 bounds [0x000001f4eeb80000, 0x000001f4eedf0000, 0x000001f4f60b0000]
CodeHeap 'profiled nmethods': size=120000Kb used=3847Kb max_used=3847Kb free=116152Kb
 bounds [0x000001f4e70b0000, 0x000001f4e7480000, 0x000001f4ee5e0000]
CodeHeap 'non-nmethods': size=5760Kb used=1597Kb max_used=1621Kb free=4162Kb
 bounds [0x000001f4ee5e0000, 0x000001f4ee850000, 0x000001f4eeb80000]
 total_blobs=2653 nmethods=2053 adapters=510
 compilation: enabled
              stopped_count=0, restarted_count=0
 full_count=0

Compilation events (20 events):
Event: 13.771 Thread 0x000001f4f9aefe10 2037       3       java.lang.invoke.InfoFromMemberName::getMethodType (8 bytes)
Event: 13.771 Thread 0x000001f4f9aefe10 nmethod 2037 0x000001f4e745d310 code [0x000001f4e745d4a0, 0x000001f4e745d5d8]
Event: 13.774 Thread 0x000001f4f9aefe10 2039   !   3       java.lang.invoke.AbstractValidatingLambdaMetafactory::<init> (559 bytes)
Event: 13.775 Thread 0x000001f4f9ae4980 nmethod 2035 0x000001f4eec2db90 code [0x000001f4eec2dd60, 0x000001f4eec2e6a0]
Event: 13.775 Thread 0x000001f4f9ae4980 2036       4       java.lang.invoke.MethodType::makeImpl (109 bytes)
Event: 13.787 Thread 0x000001f4f9aefe10 nmethod 2039 0x000001f4e745d690 code [0x000001f4e745dfa0, 0x000001f4e7463b88]
Event: 13.787 Thread 0x000001f4f9aefe10 2044       3       java.lang.invoke.AbstractValidatingLambdaMetafactory::checkDescriptor (133 bytes)
Event: 13.791 Thread 0x000001f4f9aefe10 nmethod 2044 0x000001f4e7465a10 code [0x000001f4e7465e20, 0x000001f4e74681c0]
Event: 13.792 Thread 0x000001f4f9aefe10 2045       3       java.lang.invoke.InnerClassLambdaMetafactory::<init> (258 bytes)
Event: 13.796 Thread 0x000001f4f9aefe10 nmethod 2045 0x000001f4e7468d10 code [0x000001f4e7469100, 0x000001f4e746af68]
Event: 13.796 Thread 0x000001f4f9aefe10 2040   !   3       java.lang.invoke.MethodHandles$Lookup::revealDirect (196 bytes)
Event: 13.798 Thread 0x000001f4f9aefe10 nmethod 2040 0x000001f4e746ba90 code [0x000001f4e746bda0, 0x000001f4e746d010]
Event: 13.798 Thread 0x000001f4f9aefe10 2041       3       java.lang.invoke.InfoFromMemberName::<init> (72 bytes)
Event: 13.798 Thread 0x000001f4f9aefe10 nmethod 2041 0x000001f4e746d710 code [0x000001f4e746d8a0, 0x000001f4e746da80]
Event: 13.798 Thread 0x000001f4f9aefe10 2042       3       java.lang.invoke.InnerClassLambdaMetafactory::lambdaClassName (57 bytes)
Event: 13.799 Thread 0x000001f4f9aefe10 nmethod 2042 0x000001f4e746db90 code [0x000001f4e746dde0, 0x000001f4e746e560]
Event: 13.799 Thread 0x000001f4f9aefe10 2043       3       java.lang.invoke.AbstractValidatingLambdaMetafactory::isAdaptableToAsReturn (36 bytes)
Event: 13.800 Thread 0x000001f4f9aefe10 nmethod 2043 0x000001f4e746e890 code [0x000001f4e746ea40, 0x000001f4e746eed8]
Event: 13.815 Thread 0x000001f4f9aefe10 2047       3       org.openqa.selenium.internal.Require::nonNull (27 bytes)
Event: 13.816 Thread 0x000001f4f9aefe10 nmethod 2047 0x000001f4e746f010 code [0x000001f4e746f260, 0x000001f4e746fd70]

GC Heap History (4 events):
Event: 3.513 GC heap before
{Heap before GC invocations=0 (full 0):
 garbage-first heap   total 65536K, used 12288K [0x00000000c1200000, 0x0000000100000000)
  region size 1024K, 13 young (13312K), 0 survivors (0K)
 Metaspace       used 5146K, committed 5440K, reserved 1114112K
  class space    used 543K, committed 704K, reserved 1048576K
}
Event: 3.539 GC heap after
{Heap after GC invocations=1 (full 0):
 garbage-first heap   total 65536K, used 4608K [0x00000000c1200000, 0x0000000100000000)
  region size 1024K, 2 young (2048K), 2 survivors (2048K)
 Metaspace       used 5146K, committed 5440K, reserved 1114112K
  class space    used 543K, committed 704K, reserved 1048576K
}
Event: 11.396 GC heap before
{Heap before GC invocations=1 (full 0):
 garbage-first heap   total 65536K, used 16896K [0x00000000c1200000, 0x0000000100000000)
  region size 1024K, 14 young (14336K), 2 survivors (2048K)
 Metaspace       used 8804K, committed 9152K, reserved 1114112K
  class space    used 1049K, committed 1216K, reserved 1048576K
}
Event: 11.410 GC heap after
{Heap after GC invocations=2 (full 0):
 garbage-first heap   total 65536K, used 5793K [0x00000000c1200000, 0x0000000100000000)
  region size 1024K, 2 young (2048K), 2 survivors (2048K)
 Metaspace       used 8804K, committed 9152K, reserved 1114112K
  class space    used 1049K, committed 1216K, reserved 1048576K
}

Dll operation events (14 events):
Event: 0.064 Loaded shared library C:\Program Files\Java\jdk-20\bin\java.dll
Event: 0.113 Loaded shared library C:\Program Files\Java\jdk-20\bin\jsvml.dll
Event: 1.072 Loaded shared library C:\Program Files\Java\jdk-20\bin\zip.dll
Event: 1.150 Loaded shared library C:\Program Files\Java\jdk-20\bin\instrument.dll
Event: 1.185 Loaded shared library C:\Program Files\Java\jdk-20\bin\net.dll
Event: 1.205 Loaded shared library C:\Program Files\Java\jdk-20\bin\nio.dll
Event: 1.234 Loaded shared library C:\Program Files\Java\jdk-20\bin\zip.dll
Event: 1.283 Loaded shared library C:\Program Files\Java\jdk-20\bin\jimage.dll
Event: 1.308 Loaded shared library C:\Program Files\JetBrains\IntelliJ IDEA Community Edition 2023.2.5\bin\breakgen64.dll
Event: 1.487 Loaded shared library C:\Program Files\Java\jdk-20\bin\extnet.dll
Event: 1.911 Loaded shared library C:\Program Files\Java\jdk-20\bin\verify.dll
Event: 11.699 Loaded shared library C:\Program Files\Java\jdk-20\bin\management.dll
Event: 11.726 Loaded shared library C:\Program Files\Java\jdk-20\bin\management_ext.dll
Event: 11.996 Loaded shared library C:\Program Files\Java\jdk-20\bin\sunmscapi.dll

Deoptimization events (20 events):
Event: 13.233 Thread 0x000001f4fe3bf5b0 Uncommon trap: trap_request=0xffffffde fr.pc=0x000001f4eec1135c relative=0x000000000000013c
Event: 13.233 Thread 0x000001f4fe3bf5b0 Uncommon trap: reason=class_check action=maybe_recompile pc=0x000001f4eec1135c method=java.util.concurrent.locks.AbstractQueuedSynchronizer.release(I)Z @ 2 c2
Event: 13.233 Thread 0x000001f4fe3bf5b0 DEOPT PACKING pc=0x000001f4eec1135c sp=0x00000076ca6fef30
Event: 13.233 Thread 0x000001f4fe3bf5b0 DEOPT UNPACKING pc=0x000001f4ee649d22 sp=0x00000076ca6feee8 mode 2
Event: 13.234 Thread 0x000001f4fe3c0050 Uncommon trap: trap_request=0xffffffde fr.pc=0x000001f4eec1135c relative=0x000000000000013c
Event: 13.234 Thread 0x000001f4fe3c0050 Uncommon trap: reason=class_check action=maybe_recompile pc=0x000001f4eec1135c method=java.util.concurrent.locks.AbstractQueuedSynchronizer.release(I)Z @ 2 c2
Event: 13.234 Thread 0x000001f4fe3c0050 DEOPT PACKING pc=0x000001f4eec1135c sp=0x00000076ca7fef10
Event: 13.234 Thread 0x000001f4fe3c0050 DEOPT UNPACKING pc=0x000001f4ee649d22 sp=0x00000076ca7feec8 mode 2
Event: 13.246 Thread 0x000001f4fe3c0af0 Uncommon trap: trap_request=0xffffffde fr.pc=0x000001f4eec1135c relative=0x000000000000013c
Event: 13.246 Thread 0x000001f4fe3c0af0 Uncommon trap: reason=class_check action=maybe_recompile pc=0x000001f4eec1135c method=java.util.concurrent.locks.AbstractQueuedSynchronizer.release(I)Z @ 2 c2
Event: 13.246 Thread 0x000001f4fe3c0af0 DEOPT PACKING pc=0x000001f4eec1135c sp=0x00000076ca8fef10
Event: 13.246 Thread 0x000001f4fe3c0af0 DEOPT UNPACKING pc=0x000001f4ee649d22 sp=0x00000076ca8feec8 mode 2
Event: 13.504 Thread 0x000001f4fe3c0af0 Uncommon trap: trap_request=0xffffffde fr.pc=0x000001f4eec1135c relative=0x000000000000013c
Event: 13.504 Thread 0x000001f4fe3c0af0 Uncommon trap: reason=class_check action=maybe_recompile pc=0x000001f4eec1135c method=java.util.concurrent.locks.AbstractQueuedSynchronizer.release(I)Z @ 2 c2
Event: 13.504 Thread 0x000001f4fe3c0af0 DEOPT PACKING pc=0x000001f4eec1135c sp=0x00000076ca8fef10
Event: 13.504 Thread 0x000001f4fe3c0af0 DEOPT UNPACKING pc=0x000001f4ee649d22 sp=0x00000076ca8feec8 mode 2
Event: 13.779 Thread 0x000001f4defffb90 Uncommon trap: trap_request=0xffffffc6 fr.pc=0x000001f4eec12b7c relative=0x00000000000009dc
Event: 13.779 Thread 0x000001f4defffb90 Uncommon trap: reason=bimorphic_or_optimized_type_check action=maybe_recompile pc=0x000001f4eec12b7c method=java.util.regex.Matcher.search(I)Z @ 121 c2
Event: 13.779 Thread 0x000001f4defffb90 DEOPT PACKING pc=0x000001f4eec12b7c sp=0x00000076c8bfc5b0
Event: 13.779 Thread 0x000001f4defffb90 DEOPT UNPACKING pc=0x000001f4ee649d22 sp=0x00000076c8bfc580 mode 2

Classes loaded (20 events):
Event: 13.596 Loading class java/util/Collections$UnmodifiableMap$UnmodifiableEntrySet$UnmodifiableEntrySetSpliterator
Event: 13.597 Loading class java/util/Collections$UnmodifiableMap$UnmodifiableEntrySet$UnmodifiableEntrySetSpliterator done
Event: 13.631 Loading class java/util/function/UnaryOperator
Event: 13.632 Loading class java/util/function/UnaryOperator done
Event: 13.632 Loading class java/io/ObjectInputStream
Event: 13.634 Loading class java/io/ObjectInput
Event: 13.635 Loading class java/io/ObjectInput done
Event: 13.635 Loading class java/io/ObjectStreamConstants
Event: 13.636 Loading class java/io/ObjectStreamConstants done
Event: 13.637 Loading class java/io/ObjectInputStream done
Event: 13.637 Loading class java/io/ObjectOutputStream
Event: 13.639 Loading class java/io/ObjectOutput
Event: 13.639 Loading class java/io/ObjectOutput done
Event: 13.640 Loading class java/io/ObjectOutputStream done
Event: 13.706 Loading class java/util/stream/ReferencePipeline$15
Event: 13.706 Loading class java/util/stream/ReferencePipeline$15 done
Event: 13.710 Loading class java/util/stream/ReferencePipeline$15$1
Event: 13.710 Loading class java/util/stream/ReferencePipeline$15$1 done
Event: 13.722 Loading class java/util/HashMap$EntrySpliterator
Event: 13.723 Loading class java/util/HashMap$EntrySpliterator done

Classes unloaded (0 events):
No events

Classes redefined (0 events):
No events

Internal exceptions (20 events):
Event: 11.054 Thread 0x000001f4defffb90 Exception <a 'java/lang/NoSuchMethodError'{0x00000000c48f6a50}: 'java.lang.Object java.lang.invoke.DirectMethodHandle$Holder.invokeVirtual(java.lang.Object, java.lang.Object, java.lang.Object)'> (0x00000000c48f6a50) 
thrown [s\open\src\hotspot\share\interpreter\linkResolver.cpp, line 773]
Event: 11.120 Thread 0x000001f4defffb90 Exception <a 'java/lang/NoSuchMethodError'{0x00000000c479df50}: 'void java.lang.invoke.DirectMethodHandle$Holder.invokeVirtual(java.lang.Object, java.lang.Object, long)'> (0x00000000c479df50) 
thrown [s\open\src\hotspot\share\interpreter\linkResolver.cpp, line 773]
Event: 11.124 Thread 0x000001f4defffb90 Exception <a 'java/lang/NoSuchMethodError'{0x00000000c47a1ff8}: 'long java.lang.invoke.DirectMethodHandle$Holder.invokeStatic(java.lang.Object, java.lang.Object, int)'> (0x00000000c47a1ff8) 
thrown [s\open\src\hotspot\share\interpreter\linkResolver.cpp, line 773]
Event: 11.128 Thread 0x000001f4defffb90 Exception <a 'java/lang/NoSuchMethodError'{0x00000000c47b3d50}: 'java.lang.Object java.lang.invoke.DirectMethodHandle$Holder.invokeStatic(java.lang.Object, java.lang.Object, java.lang.Object, java.lang.Object, int)'> (0x00000000c47b3d50) 
thrown [s\open\src\hotspot\share\interpreter\linkResolver.cpp, line 773]
Event: 11.133 Thread 0x000001f4defffb90 Exception <a 'java/lang/NoSuchMethodError'{0x00000000c47bf078}: 'void java.lang.invoke.DelegatingMethodHandle$Holder.reinvoke_L(java.lang.Object, java.lang.Object, long)'> (0x00000000c47bf078) 
thrown [s\open\src\hotspot\share\interpreter\linkResolver.cpp, line 773]
Event: 11.562 Thread 0x000001f4defffb90 Exception <a 'java/lang/NoClassDefFoundError'{0x00000000c50ef1f0}> (0x00000000c50ef1f0) 
thrown [s\open\src\hotspot\share\oops\instanceKlass.cpp, line 1160]
Event: 11.565 Thread 0x000001f4defffb90 Exception <a 'java/lang/NoClassDefFoundError'{0x00000000c50fa8a0}: org/apache/logging/log4j/spi/ExtendedLoggerWrapper> (0x00000000c50fa8a0) 
thrown [s\open\src\hotspot\share\classfile\systemDictionary.cpp, line 294]
Event: 11.569 Thread 0x000001f4defffb90 Exception <a 'java/lang/NoClassDefFoundError'{0x00000000c4f04520}: org/apache/log4j/Priority> (0x00000000c4f04520) 
thrown [s\open\src\hotspot\share\classfile\systemDictionary.cpp, line 294]
Event: 12.215 Thread 0x000001f4defffb90 Exception <a 'sun/nio/fs/WindowsException'{0x00000000c4b8f4c0}> (0x00000000c4b8f4c0) 
thrown [s\open\src\hotspot\share\prims\jni.cpp, line 519]
Event: 13.115 Thread 0x000001f4defffb90 Exception <a 'java/lang/NoSuchMethodError'{0x00000000c3e80c70}: 'java.lang.Object java.lang.invoke.DirectMethodHandle$Holder.invokeInterface(java.lang.Object, java.lang.Object, java.lang.Object)'> (0x00000000c3e80c70) 
thrown [s\open\src\hotspot\share\interpreter\linkResolver.cpp, line 773]
Event: 13.115 Thread 0x000001f4defffb90 Exception <a 'java/lang/IncompatibleClassChangeError'{0x00000000c3e84058}: Found class java.lang.Object, but interface was expected> (0x00000000c3e84058) 
thrown [s\open\src\hotspot\share\interpreter\linkResolver.cpp, line 840]
Event: 13.124 Thread 0x000001f4defffb90 Exception <a 'java/lang/NoSuchMethodError'{0x00000000c3e8c950}: 'int java.lang.invoke.DirectMethodHandle$Holder.invokeSpecialIFC(java.lang.Object, java.lang.Object, java.lang.Object, java.lang.Object)'> (0x00000000c3e8c950) 
thrown [s\open\src\hotspot\share\interpreter\linkResolver.cpp, line 773]
Event: 13.264 Thread 0x000001f4fe3c0af0 Exception <a 'java/net/ConnectException'{0x00000000c3dbdf70}: Connection refused: no further information> (0x00000000c3dbdf70) 
thrown [s\open\src\hotspot\share\prims\jni.cpp, line 538]
Event: 13.282 Thread 0x000001f4fe3c0af0 Exception <a 'java/net/ConnectException'{0x00000000c3dbef48}: Connection refused: no further information> (0x00000000c3dbef48) 
thrown [s\open\src\hotspot\share\prims\jni.cpp, line 538]
Event: 13.314 Thread 0x000001f4fe3c0af0 Exception <a 'java/net/ConnectException'{0x00000000c3dbfe60}: Connection refused: no further information> (0x00000000c3dbfe60) 
thrown [s\open\src\hotspot\share\prims\jni.cpp, line 538]
Event: 13.362 Thread 0x000001f4fe3c0af0 Exception <a 'java/net/ConnectException'{0x00000000c3dc0d78}: Connection refused: no further information> (0x00000000c3dc0d78) 
thrown [s\open\src\hotspot\share\prims\jni.cpp, line 538]
Event: 13.624 Thread 0x000001f4defffb90 Exception <a 'java/lang/NoSuchMethodError'{0x00000000c3ce3138}: 'java.lang.Object java.lang.invoke.DirectMethodHandle$Holder.newInvokeSpecial(java.lang.Object, java.lang.Object, int, int)'> (0x00000000c3ce3138) 
thrown [s\open\src\hotspot\share\interpreter\linkResolver.cpp, line 773]
Event: 13.625 Thread 0x000001f4defffb90 Exception <a 'java/lang/NoSuchMethodError'{0x00000000c3ce7138}: 'java.lang.Object java.lang.invoke.DirectMethodHandle$Holder.invokeSpecial(java.lang.Object, java.lang.Object, java.lang.Object, int, int)'> (0x00000000c3ce7138) 
thrown [s\open\src\hotspot\share\interpreter\linkResolver.cpp, line 773]
Event: 13.626 Thread 0x000001f4defffb90 Exception <a 'java/lang/NoSuchMethodError'{0x00000000c3cedc90}: 'void java.lang.invoke.DirectMethodHandle$Holder.invokeStatic(java.lang.Object, java.lang.Object, int)'> (0x00000000c3cedc90) 
thrown [s\open\src\hotspot\share\interpreter\linkResolver.cpp, line 773]
Event: 13.777 Thread 0x000001f4defffb90 Exception <a 'java/lang/NoSuchMethodError'{0x00000000c3aacba8}: 'int java.lang.invoke.DirectMethodHandle$Holder.invokeSpecialIFC(java.lang.Object, java.lang.Object, java.lang.Object)'> (0x00000000c3aacba8) 
thrown [s\open\src\hotspot\share\interpreter\linkResolver.cpp, line 773]

VM Operations (20 events):
Event: 11.244 Executing VM operation: Cleanup
Event: 11.244 Executing VM operation: Cleanup done
Event: 11.395 Executing VM operation: G1CollectForAllocation
Event: 11.410 Executing VM operation: G1CollectForAllocation done
Event: 11.546 Executing VM operation: HandshakeAllThreads
Event: 11.546 Executing VM operation: HandshakeAllThreads done
Event: 11.591 Executing VM operation: HandshakeAllThreads
Event: 11.591 Executing VM operation: HandshakeAllThreads done
Event: 11.610 Executing VM operation: HandshakeAllThreads
Event: 11.610 Executing VM operation: HandshakeAllThreads done
Event: 11.610 Executing VM operation: HandshakeAllThreads
Event: 11.610 Executing VM operation: HandshakeAllThreads done
Event: 12.102 Executing VM operation: HandshakeAllThreads
Event: 12.102 Executing VM operation: HandshakeAllThreads done
Event: 12.222 Executing VM operation: HandshakeAllThreads
Event: 12.222 Executing VM operation: HandshakeAllThreads done
Event: 13.222 Executing VM operation: Cleanup
Event: 13.225 Executing VM operation: Cleanup done
Event: 13.500 Executing VM operation: HandshakeAllThreads
Event: 13.501 Executing VM operation: HandshakeAllThreads done

Events (20 events):
Event: 0.256 Thread 0x000001f4f9adb3f0 Thread added: 0x000001f4f9adb3f0
Event: 0.257 Thread 0x000001f4f9adc390 Thread added: 0x000001f4f9adc390
Event: 0.260 Thread 0x000001f4f9ae0250 Thread added: 0x000001f4f9ae0250
Event: 0.261 Thread 0x000001f4f9ae2ca0 Thread added: 0x000001f4f9ae2ca0
Event: 0.261 Thread 0x000001f4f9ae3780 Thread added: 0x000001f4f9ae3780
Event: 0.261 Thread 0x000001f4f9ae6a50 Thread added: 0x000001f4f9ae6a50
Event: 0.262 Thread 0x000001f4f9ae4980 Thread added: 0x000001f4f9ae4980
Event: 0.263 Thread 0x000001f4f9aefe10 Thread added: 0x000001f4f9aefe10
Event: 0.674 Thread 0x000001f4df0aa6c0 Thread added: 0x000001f4df0aa6c0
Event: 1.311 Thread 0x000001f4fde83880 Thread added: 0x000001f4fde83880
Event: 1.311 Thread 0x000001f4fde83dd0 Thread added: 0x000001f4fde83dd0
Event: 11.447 Thread 0x000001f4fe4a7ef0 Thread added: 0x000001f4fe4a7ef0
Event: 11.820 Thread 0x000001f4f9b5a040 Thread added: 0x000001f4f9b5a040
Event: 13.162 Thread 0x000001f4fe3bfb00 Thread added: 0x000001f4fe3bfb00
Event: 13.184 Thread 0x000001f4fe3be070 Thread added: 0x000001f4fe3be070
Event: 13.184 Thread 0x000001f4fe3c05a0 Thread added: 0x000001f4fe3c05a0
Event: 13.232 Thread 0x000001f4fe3bf5b0 Thread added: 0x000001f4fe3bf5b0
Event: 13.233 Thread 0x000001f4fe3c0050 Thread added: 0x000001f4fe3c0050
Event: 13.242 Thread 0x000001f4fe3c0af0 Thread added: 0x000001f4fe3c0af0
Event: 13.498 Thread 0x000001f4fe3c1040 Thread added: 0x000001f4fe3c1040


Dynamic libraries:
0x00007ff627ae0000 - 0x00007ff627af0000 	C:\Program Files\Java\jdk-20\bin\java.exe
0x00007ffa28850000 - 0x00007ffa28a48000 	C:\Windows\SYSTEM32\ntdll.dll
0x00007ffa26fd0000 - 0x00007ffa2708d000 	C:\Windows\System32\KERNEL32.DLL
0x00007ffa262b0000 - 0x00007ffa265a6000 	C:\Windows\System32\KERNELBASE.dll
0x00007ffa265e0000 - 0x00007ffa266e0000 	C:\Windows\System32\ucrtbase.dll
0x00007ffa1a420000 - 0x00007ffa1a439000 	C:\Program Files\Java\jdk-20\bin\jli.dll
0x00007ffa1a220000 - 0x00007ffa1a23b000 	C:\Program Files\Java\jdk-20\bin\VCRUNTIME140.dll
0x00007ffa28090000 - 0x00007ffa28143000 	C:\Windows\System32\ADVAPI32.dll
0x00007ffa28210000 - 0x00007ffa282ae000 	C:\Windows\System32\msvcrt.dll
0x00007ffa27910000 - 0x00007ffa279af000 	C:\Windows\System32\sechost.dll
0x00007ffa27c10000 - 0x00007ffa27d36000 	C:\Windows\System32\RPCRT4.dll
0x00007ffa265b0000 - 0x00007ffa265d7000 	C:\Windows\System32\bcrypt.dll
0x00007ffa28310000 - 0x00007ffa284ae000 	C:\Windows\System32\USER32.dll
0x00007ffa266e0000 - 0x00007ffa26702000 	C:\Windows\System32\win32u.dll
0x00007ffa27e70000 - 0x00007ffa27e9b000 	C:\Windows\System32\GDI32.dll
0x00007ffa25fc0000 - 0x00007ffa260d7000 	C:\Windows\System32\gdi32full.dll
0x00007ffa267f0000 - 0x00007ffa2688d000 	C:\Windows\System32\msvcp_win.dll
0x00007ffa126d0000 - 0x00007ffa1296a000 	C:\Windows\WinSxS\amd64_microsoft.windows.common-controls_6595b64144ccf1df_6.0.19041.3636_none_60b6a03d71f818d5\COMCTL32.dll
0x00007ffa1da10000 - 0x00007ffa1da1a000 	C:\Windows\SYSTEM32\VERSION.dll
0x00007ffa27ea0000 - 0x00007ffa27ed2000 	C:\Windows\System32\IMM32.DLL
0x00007ffa1ab80000 - 0x00007ffa1ab8c000 	C:\Program Files\Java\jdk-20\bin\vcruntime140_1.dll
0x00007ffa0c7c0000 - 0x00007ffa0c84e000 	C:\Program Files\Java\jdk-20\bin\msvcp140.dll
0x00007ff9f8450000 - 0x00007ff9f90e7000 	C:\Program Files\Java\jdk-20\bin\server\jvm.dll
0x00007ffa230f0000 - 0x00007ffa230f9000 	C:\Windows\SYSTEM32\WSOCK32.dll
0x00007ffa27ae0000 - 0x00007ffa27b4b000 	C:\Windows\System32\WS2_32.dll
0x00007ffa12d40000 - 0x00007ffa12d67000 	C:\Windows\SYSTEM32\WINMM.dll
0x00007ffa23d70000 - 0x00007ffa23d82000 	C:\Windows\SYSTEM32\kernel.appcore.dll
0x00007ffa1a410000 - 0x00007ffa1a41a000 	C:\Program Files\Java\jdk-20\bin\jimage.dll
0x00007ffa136a0000 - 0x00007ffa13884000 	C:\Windows\SYSTEM32\DBGHELP.DLL
0x00007ffa133f0000 - 0x00007ffa13424000 	C:\Windows\SYSTEM32\dbgcore.DLL
0x00007ffa26760000 - 0x00007ffa267e2000 	C:\Windows\System32\bcryptPrimitives.dll
0x00007ffa21880000 - 0x00007ffa2188e000 	C:\Program Files\Java\jdk-20\bin\instrument.dll
0x00007ffa0fc00000 - 0x00007ffa0fc26000 	C:\Program Files\Java\jdk-20\bin\java.dll
0x00007ff9fdaa0000 - 0x00007ff9fdb77000 	C:\Program Files\Java\jdk-20\bin\jsvml.dll
0x00007ffa271b0000 - 0x00007ffa278f5000 	C:\Windows\System32\SHELL32.dll
0x00007ffa23f30000 - 0x00007ffa246cc000 	C:\Windows\SYSTEM32\windows.storage.dll
0x00007ffa284b0000 - 0x00007ffa28804000 	C:\Windows\System32\combase.dll
0x00007ffa25790000 - 0x00007ffa257be000 	C:\Windows\SYSTEM32\Wldp.dll
0x00007ffa27fc0000 - 0x00007ffa2808d000 	C:\Windows\System32\OLEAUT32.dll
0x00007ffa279b0000 - 0x00007ffa27a5d000 	C:\Windows\System32\SHCORE.dll
0x00007ffa27b50000 - 0x00007ffa27ba5000 	C:\Windows\System32\shlwapi.dll
0x00007ffa25e40000 - 0x00007ffa25e65000 	C:\Windows\SYSTEM32\profapi.dll
0x00007ffa10500000 - 0x00007ffa10518000 	C:\Program Files\Java\jdk-20\bin\zip.dll
0x00007ffa14c60000 - 0x00007ffa14c73000 	C:\Program Files\Java\jdk-20\bin\net.dll
0x00007ffa1e710000 - 0x00007ffa1e81a000 	C:\Windows\SYSTEM32\WINHTTP.dll
0x00007ffa25570000 - 0x00007ffa255da000 	C:\Windows\system32\mswsock.dll
0x00007ffa13470000 - 0x00007ffa13486000 	C:\Program Files\Java\jdk-20\bin\nio.dll
0x00007ffa21860000 - 0x00007ffa2187a000 	C:\Program Files\JetBrains\IntelliJ IDEA Community Edition 2023.2.5\bin\breakgen64.dll
0x00007ffa0fe50000 - 0x00007ffa0fe57000 	C:\Program Files\Java\jdk-20\bin\extnet.dll
0x00007ffa0f6f0000 - 0x00007ffa0f700000 	C:\Program Files\Java\jdk-20\bin\verify.dll
0x00007ffa25ae0000 - 0x00007ffa25af8000 	C:\Windows\SYSTEM32\CRYPTSP.dll
0x00007ffa24ec0000 - 0x00007ffa24ef4000 	C:\Windows\system32\rsaenh.dll
0x00007ffa25e00000 - 0x00007ffa25e2e000 	C:\Windows\SYSTEM32\USERENV.dll
0x00007ffa25700000 - 0x00007ffa2570c000 	C:\Windows\SYSTEM32\CRYPTBASE.dll
0x00007ffa25280000 - 0x00007ffa252bb000 	C:\Windows\SYSTEM32\IPHLPAPI.DLL
0x00007ffa27900000 - 0x00007ffa27908000 	C:\Windows\System32\NSI.dll
0x00007ffa1f0c0000 - 0x00007ffa1f0d7000 	C:\Windows\SYSTEM32\dhcpcsvc6.DLL
0x00007ffa1f270000 - 0x00007ffa1f28d000 	C:\Windows\SYSTEM32\dhcpcsvc.DLL
0x00007ffa252c0000 - 0x00007ffa2538b000 	C:\Windows\SYSTEM32\DNSAPI.dll
0x00007ffa1abe0000 - 0x00007ffa1abea000 	C:\Windows\System32\rasadhlp.dll
0x00007ffa1abf0000 - 0x00007ffa1ac70000 	C:\Windows\System32\fwpuclnt.dll
0x00007ffa23710000 - 0x00007ffa237a0000 	C:\Windows\system32\apphelp.dll
0x00007ffa218d0000 - 0x00007ffa218da000 	C:\Program Files\Java\jdk-20\bin\management.dll
0x00007ffa21890000 - 0x00007ffa2189b000 	C:\Program Files\Java\jdk-20\bin\management_ext.dll
0x00007ffa28150000 - 0x00007ffa28158000 	C:\Windows\System32\PSAPI.DLL
0x00007ffa0f710000 - 0x00007ffa0f71e000 	C:\Program Files\Java\jdk-20\bin\sunmscapi.dll
0x00007ffa260e0000 - 0x00007ffa2623d000 	C:\Windows\System32\CRYPT32.dll
0x00007ffa25800000 - 0x00007ffa25828000 	C:\Windows\SYSTEM32\ncrypt.dll
0x00007ffa257c0000 - 0x00007ffa257fb000 	C:\Windows\SYSTEM32\NTASN1.dll
0x00007ffa218a0000 - 0x00007ffa218a7000 	C:\Windows\system32\wshunix.dll

dbghelp: loaded successfully - version: 4.0.5 - missing functions: none
symbol engine: initialized successfully - sym options: 0x614 - pdb path: .;C:\Program Files\Java\jdk-20\bin;C:\Windows\SYSTEM32;C:\Windows\WinSxS\amd64_microsoft.windows.common-controls_6595b64144ccf1df_6.0.19041.3636_none_60b6a03d71f818d5;C:\Program Files\Java\jdk-20\bin\server;C:\Program Files\JetBrains\IntelliJ IDEA Community Edition 2023.2.5\bin

VM Arguments:
jvm_args: -ea -Didea.test.cyclic.buffer.size=1048576 -javaagent:C:\Program Files\JetBrains\IntelliJ IDEA Community Edition 2023.2.5\lib\idea_rt.jar=61337:C:\Program Files\JetBrains\IntelliJ IDEA Community Edition 2023.2.5\bin -Dfile.encoding=UTF-8 -Dsun.stdout.encoding=UTF-8 -Dsun.stderr.encoding=UTF-8 
java_command: com.intellij.rt.testng.RemoteTestNGStarter -usedefaultlisteners false -socket61336 @w@C:\Users\LENOVO\AppData\Local\Temp\idea_working_dirs_testng.tmp -temp C:\Users\LENOVO\AppData\Local\Temp\idea_testng.tmp
java_class_path (initial): C:\Program Files\JetBrains\IntelliJ IDEA Community Edition 2023.2.5\lib\idea_rt.jar;C:\Program Files\JetBrains\IntelliJ IDEA Community Edition 2023.2.5\plugins\testng\lib\testng-rt.jar;C:\Users\LENOVO\IdeaProjects\Selenium\target\test-classes;C:\Users\LENOVO\IdeaProjects\Selenium\target\classes;C:\Users\LENOVO\.m2\repository\org\testng\testng\7.7.1\testng-7.7.1.jar;C:\Users\LENOVO\.m2\repository\org\slf4j\slf4j-api\1.7.36\slf4j-api-1.7.36.jar;C:\Users\LENOVO\.m2\repository\com\beust\jcommander\1.82\jcommander-1.82.jar;C:\Users\LENOVO\.m2\repository\org\webjars\jquery\3.6.1\jquery-3.6.1.jar;C:\Users\LENOVO\.m2\repository\org\seleniumhq\selenium\selenium-java\4.11.0\selenium-java-4.11.0.jar;C:\Users\LENOVO\.m2\repository\org\seleniumhq\selenium\selenium-api\4.11.0\selenium-api-4.11.0.jar;C:\Users\LENOVO\.m2\repository\org\seleniumhq\selenium\selenium-chrome-driver\4.11.0\selenium-chrome-driver-4.11.0.jar;C:\Users\LENOVO\.m2\repository\com\google\auto\service\auto-service-annotations\1.0.1\auto-service-annotations-1.0.1.jar;C:\Users\LENOVO\.m2\repository\com\google\guava\guava\31.1-jre\guava-31.1-jre.jar;C:\Users\LENOVO\.m2\repository\com\google\guava\failureaccess\1.0.1\failureaccess-1.0.1.jar;C:\Users\LENOVO\.m2\repository\com\google\guava\listenablefuture\9999.0-empty-to-avoid-conflict-with-guava\listenablefuture-9999.0-empty-to-avoid-conflict-with-guava.jar;C:\Users\LENOVO\.m2\repository\com\google\code\findbugs\jsr305\3.0.2\jsr305-3.0.2.jar;C:\Users\LENOVO\.m2\repository\org\checkerframework\checker-qual\3.12.0\checker-qual-3.12.0.jar;C:\Users\LENOVO\.m2\repository\com\google\errorprone\error_prone_annotations\2.11.0\error_prone_annotations-2.11.0.jar;C:\Users\LENOVO\.m2\repository\com\google\j2objc\j2objc-annotations\1.3\j2objc-annotations-1.3.jar;C:\Users\LENOVO\.m2\repository\org\seleniumhq\selenium\selenium-chromium-driver\4.11.0\selenium-chromium-driver-4.11.0.jar;C:\Users\LENOVO\.m2\repository\org\seleniumhq\selenium\selenium-json\4.11.0\selenium-json-4.11.0.jar;C:\Users\LENOVO\.m2\repository\org\seleniumhq\selenium\selenium-manager\4.11.0\selenium-manager-4.11.0.jar;C:\Users\LENOVO\.m2\repository\org\seleniumhq\selenium\selenium-devtools-v113\4.11.0\selenium-devtools-v113-4.11.0.jar;C:\Users\LENOVO\.m2\repository\org\seleniumhq\selenium\selenium-devtools-v114\4.11.0\selenium-devtools-v114-4.11.0.jar;C:\Users\LENOVO\.m2\repository\org\seleniumhq\selenium\selenium-devtools-v115\4.11.0\selenium-devtools-v115-4.11.0.jar;C:\Users\LENOVO\.m2\repository\org\seleniumhq\selenium\selenium-devtools-v85\4.11.0\selenium-devtools-v85-4.11.0.jar;C:\Users\LENOVO\.m2\repository\org\seleniumhq\selenium\selenium-edge-driver\4.11.0\selenium-edge-driver-4.11.0.jar;C:\Users\LENOVO\.m2\repository\org\seleniumhq\selenium\selenium-firefox-driver\4.11.0\selenium-firefox-driver-4.11.0.jar;C:\Users\LENOVO\.m2\repository\org\seleniumhq\selenium\selenium-http\4.11.0\selenium-http-4.11.0.jar;C:\Users\LENOVO\.m2\repository\dev\failsafe\failsafe\3.3.1\failsafe-3.3.1.jar;C:\Users\LENOVO\.m2\repository\org\seleniumhq\selenium\selenium-ie-driver\4.11.0\selenium-ie-driver-4.11.0.jar;C:\Users\LENOVO\.m2\repository\org\seleniumhq\selenium\selenium-remote-driver\4.11.0\selenium-remote-driver-4.11.0.jar;C:\Users\LENOVO\.m2\repository\io\netty\netty-buffer\4.1.92.Final\netty-buffer-4.1.92.Final.jar;C:\Users\LENOVO\.m2\repository\io\netty\netty-codec-http\4.1.92.Final\netty-codec-http-4.1.92.Final.jar;C:\Users\LENOVO\.m2\repository\io\netty\netty-codec\4.1.92.Final\netty-codec-4.1.92.Final.jar;C:\Users\LENOVO\.m2\repository\io\netty\netty-handler\4.1.92.Final\netty-handler-4.1.92.Final.jar;C:\Users\LENOVO\.m2\repository\io\netty\netty-common\4.1.92.Final\netty-common-4.1.92.Final.jar;C:\Users\LENOVO\.m2\repository\io\netty\netty-transport-classes-epoll\4.1.92.Final\netty-transport-classes-epoll-4.1.92.Final.jar;C:\Users\LENOVO\.m2\repository\io\netty\netty-transport-classes-kqueue\4.1.92.Final\netty-transport-classes-kqueue-4.1.92.Final.jar;C:\Users\LENOVO\.m2\repository\io\netty\netty-transport-native-epoll\4.1.92.Final\netty-transport-native-epoll-4.1.92.Final.jar;C:\Users\LENOVO\.m2\repository\io\netty\netty-transport-native-kqueue\4.1.92.Final\netty-transport-native-kqueue-4.1.92.Final.jar;C:\Users\LENOVO\.m2\repository\io\netty\netty-transport-native-unix-common\4.1.92.Final\netty-transport-native-unix-common-4.1.92.Final.jar;C:\Users\LENOVO\.m2\repository\io\netty\netty-transport\4.1.92.Final\netty-transport-4.1.92.Final.jar;C:\Users\LENOVO\.m2\repository\io\netty\netty-resolver\4.1.92.Final\netty-resolver-4.1.92.Final.jar;C:\Users\LENOVO\.m2\repository\io\opentelemetry\opentelemetry-api\1.26.0\opentelemetry-api-1.26.0.jar;C:\Users\LENOVO\.m2\repository\io\opentelemetry\opentelemetry-context\1.26.0\opentelemetry-context-1.26.0.jar;C:\Users\LENOVO\.m2\repository\io\opentelemetry\opentelemetry-exporter-logging\1.26.0\opentelemetry-exporter-logging-1.26.0.jar;C:\Users\LENOVO\.m2\repository\io\opentelemetry\opentelemetry-sdk-metrics\1.26.0\opentelemetry-sdk-metrics-1.26.0.jar;C:\Users\LENOVO\.m2\repository\io\opentelemetry\opentelemetry-extension-incubator\1.26.0-alpha\opentelemetry-extension-incubator-1.26.0-alpha.jar;C:\Users\LENOVO\.m2\repository\io\opentelemetry\opentelemetry-sdk-logs\1.26.0-alpha\opentelemetry-sdk-logs-1.26.0-alpha.jar;C:\Users\LENOVO\.m2\repository\io\opentelemetry\opentelemetry-api-logs\1.26.0-alpha\opentelemetry-api-logs-1.26.0-alpha.jar;C:\Users\LENOVO\.m2\repository\io\opentelemetry\opentelemetry-api-events\1.26.0-alpha\opentelemetry-api-events-1.26.0-alpha.jar;C:\Users\LENOVO\.m2\repository\io\opentelemetry\opentelemetry-sdk-common\1.26.0\opentelemetry-sdk-common-1.26.0.jar;C:\Users\LENOVO\.m2\repository\io\opentelemetry\opentelemetry-sdk-extension-autoconfigure-spi\1.26.0\opentelemetry-sdk-extension-autoconfigure-spi-1.26.0.jar;C:\Users\LENOVO\.m2\repository\io\opentelemetry\opentelemetry-sdk-extension-autoconfigure\1.26.0-alpha\opentelemetry-sdk-extension-autoconfigure-1.26.0-alpha.jar;C:\Users\LENOVO\.m2\repository\io\opentelemetry\opentelemetry-sdk-trace\1.26.0\opentelemetry-sdk-trace-1.26.0.jar;C:\Users\LENOVO\.m2\repository\io\opentelemetry\opentelemetry-sdk\1.26.0\opentelemetry-sdk-1.26.0.jar;C:\Users\LENOVO\.m2\repository\io\opentelemetry\opentelemetry-semconv\1.26.0-alpha\opentelemetry-semconv-1.26.0-alpha.jar;C:\Users\LENOVO\.m2\repository\net\bytebuddy\byte-buddy\1.14.4\byte-buddy-1.14.4.jar;C:\Users\LENOVO\.m2\repository\org\apache\commons\commons-exec\1.3\commons-exec-1.3.jar;C:\Users\LENOVO\.m2\repository\org\asynchttpclient\async-http-client\2.12.3\async-http-client-2.12.3.jar;C:\Users\LENOVO\.m2\repository\org\asynchttpclient\async-http-client-netty-utils\2.12.3\async-http-client-netty-utils-2.12.3.jar;C:\Users\LENOVO\.m2\repository\io\netty\netty-codec-socks\4.1.60.Final\netty-codec-socks-4.1.60.Final.jar;C:\Users\LENOVO\.m2\repository\io\netty\netty-handler-proxy\4.1.60.Final\netty-handler-proxy-4.1.60.Final.jar;C:\Users\LENOVO\.m2\repository\io\netty\netty-transport-native-epoll\4.1.60.Final\netty-transport-native-epoll-4.1.60.Final-linux-x86_64.jar;C:\Users\LENOVO\.m2\repository\io\netty\netty-transport-native-kqueue\4.1.60.Final\netty-transport-native-kqueue-4.1.60.Final-osx-x86_64.jar;C:\Users\LENOVO\.m2\repository\org\reactivestreams\reactive-streams\1.0.3\reactive-streams-1.0.3.jar;C:\Users\LENOVO\.m2\repository\com\typesafe\netty\netty-reactive-streams\2.0.4\netty-reactive-streams-2.0.4.jar;C:\Users\LENOVO\.m2\repository\com\sun\activation\jakarta.activation\1.2.2\jakarta.activation-1.2.2.jar;C:\Users\LENOVO\.m2\repository\org\seleniumhq\selenium\selenium-safari-driver\4.11.0\selenium-safari-driver-4.11.0.jar;C:\Users\LENOVO\.m2\repository\org\seleniumhq\selenium\selenium-support\4.11.0\selenium-support-4.11.0.jar
Launcher Type: SUN_STANDARD

[Global flags]
     intx CICompilerCount                          = 3                                         {product} {ergonomic}
     uint ConcGCThreads                            = 1                                         {product} {ergonomic}
     uint G1ConcRefinementThreads                  = 4                                         {product} {ergonomic}
   size_t G1HeapRegionSize                         = 1048576                                   {product} {ergonomic}
    uintx GCDrainStackTargetSize                   = 64                                        {product} {ergonomic}
   size_t InitialHeapSize                          = 67108864                                  {product} {ergonomic}
   size_t MarkStackSize                            = 4194304                                   {product} {ergonomic}
   size_t MaxHeapSize                              = 1054867456                                {product} {ergonomic}
   size_t MaxNewSize                               = 632291328                                 {product} {ergonomic}
   size_t MinHeapDeltaBytes                        = 1048576                                   {product} {ergonomic}
   size_t MinHeapSize                              = 8388608                                   {product} {ergonomic}
    uintx NonNMethodCodeHeapSize                   = 5832780                                {pd product} {ergonomic}
    uintx NonProfiledCodeHeapSize                  = 122912730                              {pd product} {ergonomic}
    uintx ProfiledCodeHeapSize                     = 122912730                              {pd product} {ergonomic}
    uintx ReservedCodeCacheSize                    = 251658240                              {pd product} {ergonomic}
     bool SegmentedCodeCache                       = true                                      {product} {ergonomic}
   size_t SoftMaxHeapSize                          = 1054867456                             {manageable} {ergonomic}
     bool UseCompressedClassPointers               = true                           {product lp64_product} {ergonomic}
     bool UseCompressedOops                        = true                           {product lp64_product} {ergonomic}
     bool UseG1GC                                  = true                                      {product} {ergonomic}
     bool UseLargePagesIndividualAllocation        = false                                  {pd product} {ergonomic}

Logging:
Log output configuration:
 #0: stdout all=warning uptime,level,tags foldmultilines=false
 #1: stderr all=off uptime,level,tags foldmultilines=false

Environment Variables:
JAVA_HOME=C:\Program Files\Java\jdk-20
PATH=C:\Program Files\Common Files\Oracle\Java\javapath;C:\Windows\system32;C:\Windows;C:\Windows\System32\Wbem;C:\Windows\System32\WindowsPowerShell\v1.0\;C:\Windows\System32\OpenSSH\;C:\Program Files\Git\cmd;C:\Program Files\Java\jdk-20\bin;C:\Program Files\Common Files\Oracle\Java\javapath;C:\Program Files\Microsoft SQL Server\150\Tools\Binn\;C:\Program Files\Microsoft SQL Server\Client SDK\ODBC\170\Tools\Binn\;C:\Program Files\dotnet\;C:\Program Files (x86)\Microsoft SQL Server\Client SDK\ODBC\130\Tools\Binn\;C:\Program Files (x86)\Microsoft SQL Server\140\Tools\Binn\;C:\Program Files (x86)\Microsoft SQL Server\140\DTS\Binn\;C:\Program Files (x86)\Microsoft SQL Server\140\Tools\Binn\ManagementStudio\;C:\Program Files\nodejs\;C:\Users\LENOVO\AppData\Local\Microsoft\WindowsApps;C:\Users\LENOVO\.dotnet\tools;C:\Users\LENOVO\AppData\Local\Programs\Microsoft VS Code\bin;C:\Users\LENOVO\AppData\Roaming\npm
USERNAME=LENOVO
OS=Windows_NT
PROCESSOR_IDENTIFIER=Intel64 Family 6 Model 61 Stepping 4, GenuineIntel
TMP=C:\Users\LENOVO\AppData\Local\Temp
TEMP=C:\Users\LENOVO\AppData\Local\Temp




---------------  S Y S T E M  ---------------

OS:
 Windows 10 , 64 bit Build 19041 (10.0.19041.3636)
OS uptime: 2 days 6:37 hours
Hyper-V role detected

CPU: total 4 (initial active 4) (2 cores per cpu, 2 threads per core) family 6 model 61 stepping 4 microcode 0x2d, cx8, cmov, fxsr, ht, mmx, 3dnowpref, sse, sse2, sse3, ssse3, sse4.1, sse4.2, popcnt, lzcnt, tsc, tscinvbit, avx, avx2, aes, erms, clmul, bmi1, bmi2, adx, fma, vzeroupper, clflush, hv, rdtscp, f16c

Memory: 4k page, system-wide physical 4016M (242M free)
TotalPageFile size 16304M (AvailPageFile size 1M)
current process WorkingSet (physical memory assigned to process): 106M, peak: 106M
current process commit charge ("private bytes"): 173M, peak: 173M

vm_info: Java HotSpot(TM) 64-Bit Server VM (20+36-2344) for windows-amd64 JRE (20+36-2344), built on 2023-02-10T19:30:15Z by "mach5one" with MS VC++ 17.1 (VS2022)

END.
